D:\AUTODEVICE 1113\DEBUG\AUTODEVICE.EXE
D:\AUTODEVICE 1113\INTERMEDIATEOUTPUT\PDB\AUTODEVICE.PDB
D:\AUTODEVICE 1113\INTERMEDIATEOUTPUT\VISUAL STUDIO 2010 INTERMEDIATE DIRECTORY\ADDSOLDERDLG.OBJ
D:\AUTODEVICE 1113\INTERMEDIATEOUTPUT\VISUAL STUDIO 2010 INTERMEDIATE DIRECTORY\APPCONDLG.OBJ
D:\AUTODEVICE 1113\INTERMEDIATEOUTPUT\VISUAL STUDIO 2010 INTERMEDIATE DIRECTORY\AUTODEVICE.EXE.EMBED.MANIFEST
D:\AUTODEVICE 1113\INTERMEDIATEOUTPUT\VISUAL STUDIO 2010 INTERMEDIATE DIRECTORY\AUTODEVICE.EXE.EMBED.MANIFEST.RES
D:\AUTODEVICE 1113\INTERMEDIATEOUTPUT\VISUAL STUDIO 2010 INTERMEDIATE DIRECTORY\AUTODEVICE.EXE.INTERMEDIATE.MANIFEST
D:\AUTODEVICE 1113\INTERMEDIATEOUTPUT\VISUAL STUDIO 2010 INTERMEDIATE DIRECTORY\AUTODEVICE.OBJ
D:\AUTODEVICE 1113\INTERMEDIATEOUTPUT\VISUAL STUDIO 2010 INTERMEDIATE DIRECTORY\AUTODEVICE.PCH
D:\AUTODEVICE 1113\INTERMEDIATEOUTPUT\VISUAL STUDIO 2010 INTERMEDIATE DIRECTORY\AUTODEVICE.RES
D:\AutoDevice 1113\IntermediateOutput\Visual Studio 2010 Intermediate Directory\AutoDevice_manifest.rc
D:\AUTODEVICE 1113\INTERMEDIATEOUTPUT\VISUAL STUDIO 2010 INTERMEDIATE DIRECTORY\AUTODEVICEDOC.OBJ
D:\AUTODEVICE 1113\INTERMEDIATEOUTPUT\VISUAL STUDIO 2010 INTERMEDIATE DIRECTORY\AUTODEVICEVIEW.OBJ
D:\AUTODEVICE 1113\INTERMEDIATEOUTPUT\VISUAL STUDIO 2010 INTERMEDIATE DIRECTORY\AXISMOVEDLG.OBJ
D:\AUTODEVICE 1113\INTERMEDIATEOUTPUT\VISUAL STUDIO 2010 INTERMEDIATE DIRECTORY\AXISPARDLG.OBJ
D:\AUTODEVICE 1113\INTERMEDIATEOUTPUT\VISUAL STUDIO 2010 INTERMEDIATE DIRECTORY\AXISZERODLG.OBJ
D:\AUTODEVICE 1113\INTERMEDIATEOUTPUT\VISUAL STUDIO 2010 INTERMEDIATE DIRECTORY\BASELINECORRECTVIEW.OBJ
D:\AUTODEVICE 1113\INTERMEDIATEOUTPUT\VISUAL STUDIO 2010 INTERMEDIATE DIRECTORY\CAMERAPARDLG.OBJ
D:\AUTODEVICE 1113\INTERMEDIATEOUTPUT\VISUAL STUDIO 2010 INTERMEDIATE DIRECTORY\CHECKPARDLG.OBJ
D:\AutoDevice 1113\IntermediateOutput\Visual Studio 2010 Intermediate Directory\cl.command.1.tlog
D:\AutoDevice 1113\IntermediateOutput\Visual Studio 2010 Intermediate Directory\CL.read.1.tlog
D:\AutoDevice 1113\IntermediateOutput\Visual Studio 2010 Intermediate Directory\CL.write.1.tlog
D:\AUTODEVICE 1113\INTERMEDIATEOUTPUT\VISUAL STUDIO 2010 INTERMEDIATE DIRECTORY\CVVIMAGE.OBJ
D:\AUTODEVICE 1113\INTERMEDIATEOUTPUT\VISUAL STUDIO 2010 INTERMEDIATE DIRECTORY\DRAWMENU.OBJ
D:\AUTODEVICE 1113\INTERMEDIATEOUTPUT\VISUAL STUDIO 2010 INTERMEDIATE DIRECTORY\EXTENDHOUGHCIRCLE.OBJ
D:\AUTODEVICE 1113\INTERMEDIATEOUTPUT\VISUAL STUDIO 2010 INTERMEDIATE DIRECTORY\GERBER.OBJ
D:\AUTODEVICE 1113\INTERMEDIATEOUTPUT\VISUAL STUDIO 2010 INTERMEDIATE DIRECTORY\GXMCDATABASE.OBJ
D:\AUTODEVICE 1113\INTERMEDIATEOUTPUT\VISUAL STUDIO 2010 INTERMEDIATE DIRECTORY\GXMCDRAW.OBJ
D:\AUTODEVICE 1113\INTERMEDIATEOUTPUT\VISUAL STUDIO 2010 INTERMEDIATE DIRECTORY\GXMCGERBER.OBJ
D:\AUTODEVICE 1113\INTERMEDIATEOUTPUT\VISUAL STUDIO 2010 INTERMEDIATE DIRECTORY\LABEL.OBJ
D:\AUTODEVICE 1113\INTERMEDIATEOUTPUT\VISUAL STUDIO 2010 INTERMEDIATE DIRECTORY\LALA.OBJ
D:\AutoDevice 1113\IntermediateOutput\Visual Studio 2010 Intermediate Directory\link.command.1.tlog
D:\AutoDevice 1113\IntermediateOutput\Visual Studio 2010 Intermediate Directory\link.read.1.tlog
D:\AutoDevice 1113\IntermediateOutput\Visual Studio 2010 Intermediate Directory\link.write.1.tlog
D:\AutoDevice 1113\IntermediateOutput\Visual Studio 2010 Intermediate Directory\link-cvtres.read.1.tlog
D:\AutoDevice 1113\IntermediateOutput\Visual Studio 2010 Intermediate Directory\link-cvtres.write.1.tlog
D:\AUTODEVICE 1113\INTERMEDIATEOUTPUT\VISUAL STUDIO 2010 INTERMEDIATE DIRECTORY\MAINFRM.OBJ
D:\AUTODEVICE 1113\INTERMEDIATEOUTPUT\VISUAL STUDIO 2010 INTERMEDIATE DIRECTORY\MEASUREVIEW.OBJ
D:\AutoDevice 1113\IntermediateOutput\Visual Studio 2010 Intermediate Directory\msado15.tlh
D:\AutoDevice 1113\IntermediateOutput\Visual Studio 2010 Intermediate Directory\msado15.tli
D:\AutoDevice 1113\IntermediateOutput\Visual Studio 2010 Intermediate Directory\msadox.tlh
D:\AutoDevice 1113\IntermediateOutput\Visual Studio 2010 Intermediate Directory\msadox.tli
D:\AutoDevice 1113\IntermediateOutput\Visual Studio 2010 Intermediate Directory\mt.command.1.tlog
D:\AutoDevice 1113\IntermediateOutput\Visual Studio 2010 Intermediate Directory\mt.read.1.tlog
D:\AutoDevice 1113\IntermediateOutput\Visual Studio 2010 Intermediate Directory\mt.write.1.tlog
D:\AUTODEVICE 1113\INTERMEDIATEOUTPUT\VISUAL STUDIO 2010 INTERMEDIATE DIRECTORY\NAVIGATEDLG.OBJ
D:\AUTODEVICE 1113\INTERMEDIATEOUTPUT\VISUAL STUDIO 2010 INTERMEDIATE DIRECTORY\NEWPROJECTDLG.OBJ
D:\AUTODEVICE 1113\INTERMEDIATEOUTPUT\VISUAL STUDIO 2010 INTERMEDIATE DIRECTORY\PCBINSPECT.OBJ
D:\AUTODEVICE 1113\INTERMEDIATEOUTPUT\VISUAL STUDIO 2010 INTERMEDIATE DIRECTORY\PROJECTVIEW.OBJ
D:\AutoDevice 1113\IntermediateOutput\Visual Studio 2010 Intermediate Directory\rc.command.1.tlog
D:\AutoDevice 1113\IntermediateOutput\Visual Studio 2010 Intermediate Directory\rc.read.1.tlog
D:\AutoDevice 1113\IntermediateOutput\Visual Studio 2010 Intermediate Directory\rc.write.1.tlog
D:\AUTODEVICE 1113\INTERMEDIATEOUTPUT\VISUAL STUDIO 2010 INTERMEDIATE DIRECTORY\SCROLLBITMAPWND.OBJ
D:\AUTODEVICE 1113\INTERMEDIATEOUTPUT\VISUAL STUDIO 2010 INTERMEDIATE DIRECTORY\STDAFX.OBJ
D:\AutoDevice 1113\IntermediateOutput\Visual Studio 2010 Intermediate Directory\vc100.idb
D:\AUTODEVICE 1113\INTERMEDIATEOUTPUT\VISUAL STUDIO 2010 INTERMEDIATE DIRECTORY\VC100.PDB
